[16:44:29.894:INFO :JavademoApplication] Starting JavademoApplication using Java 1.8.0_131 on DESKTOP-ADHSVA6 with PID 37028 (C:\Users\Me\IdeaProjects\javademo\build\classes\java\main started by Me in C:\Users\Me\IdeaProjects\javademo)
[16:44:29.901:DEBUG:JavademoApplication] Running with Spring Boot v2.4.3, Spring v5.3.4
[16:44:29.902:INFO :JavademoApplication] No active profile set, falling back to default profiles: default
[16:44:30.105:INFO :DevToolsPropertyDefaultsPostProcessor] Devtools property defaults active! Set 'spring.devtools.add-properties' to 'false' to disable
[16:44:30.106:INFO :DevToolsPropertyDefaultsPostProcessor] For additional web related logging consider setting the 'logging.level.web' property to 'DEBUG'
[16:44:37.259:INFO :TomcatWebServer] Tomcat initialized with port(s): 8080 (http)
[16:44:37.302:INFO :Http11NioProtocol] Initializing ProtocolHandler ["http-nio-8080"]
[16:44:37.304:INFO :StandardService] Starting service [Tomcat]
[16:44:37.304:INFO :StandardEngine] Starting Servlet engine: [Apache Tomcat/9.0.43]
[16:44:37.905:INFO :[/]] Initializing Spring embedded WebApplicationContext
[16:44:37.906:INFO :ServletWebServerApplicationContext] Root WebApplicationContext: initialization completed in 7790 ms
[16:44:39.102:INFO :ThreadPoolTaskExecutor] Initializing ExecutorService 'applicationTaskExecutor'
[16:44:39.997:INFO :OptionalLiveReloadServer] LiveReload server is running on port 35729
[16:44:40.029:INFO :Http11NioProtocol] Starting ProtocolHandler ["http-nio-8080"]
[16:44:40.077:INFO :TomcatWebServer] Tomcat started on port(s): 8080 (http) with context path ''
[16:44:40.103:INFO :JavademoApplication] Started JavademoApplication in 12.116 seconds (JVM running for 17.85)
[16:44:42.389:INFO :[/]] Initializing Spring DispatcherServlet 'dispatcherServlet'
[16:44:42.389:INFO :DispatcherServlet] Initializing Servlet 'dispatcherServlet'
[16:44:42.391:INFO :DispatcherServlet] Completed initialization in 2 ms
[16:44:42.744:INFO :OneController] test info logger
[16:44:42.745:DEBUG:OneController] test debug logger
[16:46:23.134:INFO :OneController] test info logger
[16:46:23.135:DEBUG:OneController] test debug logger
[16:48:11.553:INFO :JavademoApplication] Starting JavademoApplication using Java 1.8.0_131 on DESKTOP-ADHSVA6 with PID 39736 (C:\Users\Me\IdeaProjects\javademo\build\classes\java\main started by Me in C:\Users\Me\IdeaProjects\javademo)
[16:48:11.581:INFO :JavademoApplication] No active profile set, falling back to default profiles: default
[16:48:11.752:INFO :DevToolsPropertyDefaultsPostProcessor] Devtools property defaults active! Set 'spring.devtools.add-properties' to 'false' to disable
[16:48:11.753:INFO :DevToolsPropertyDefaultsPostProcessor] For additional web related logging consider setting the 'logging.level.web' property to 'DEBUG'
[16:48:15.893:INFO :TomcatWebServer] Tomcat initialized with port(s): 8080 (http)
[16:48:15.920:INFO :Http11NioProtocol] Initializing ProtocolHandler ["http-nio-8080"]
[16:48:15.922:INFO :StandardService] Starting service [Tomcat]
[16:48:15.923:INFO :StandardEngine] Starting Servlet engine: [Apache Tomcat/9.0.43]
[16:48:16.254:INFO :[/]] Initializing Spring embedded WebApplicationContext
[16:48:16.255:INFO :ServletWebServerApplicationContext] Root WebApplicationContext: initialization completed in 4499 ms
[16:48:18.129:INFO :ThreadPoolTaskExecutor] Initializing ExecutorService 'applicationTaskExecutor'
[16:48:19.314:INFO :OptionalLiveReloadServer] LiveReload server is running on port 35729
[16:48:19.359:INFO :Http11NioProtocol] Starting ProtocolHandler ["http-nio-8080"]
[16:48:19.431:INFO :TomcatWebServer] Tomcat started on port(s): 8080 (http) with context path ''
[16:48:19.488:INFO :JavademoApplication] Started JavademoApplication in 9.213 seconds (JVM running for 13.801)
[16:48:34.665:INFO :[/]] Initializing Spring DispatcherServlet 'dispatcherServlet'
[16:48:34.665:INFO :DispatcherServlet] Initializing Servlet 'dispatcherServlet'
[16:48:34.669:INFO :DispatcherServlet] Completed initialization in 3 ms
[16:48:35.296:INFO :OneController] test info logger
[16:49:19.642:INFO :OneController] test info logger
[16:50:04.032:INFO :OneController] test info logger
[16:50:25.665:INFO :OneController] test info logger
